#
# There is insufficient memory for the Java Runtime Environment to continue.
# Native memory allocation (malloc) failed to allocate 138896 bytes for Chunk::new
# Possible reasons:
#   The system is out of physical RAM or swap space
#   In 32 bit mode, the process size limit was hit
# Possible solutions:
#   Reduce memory load on the system
#   Increase physical memory or swap space
#   Check if swap backing store is full
#   Use 64 bit Java on a 64 bit OS
#   Decrease Java heap size (-Xmx/-Xms)
#   Decrease number of Java threads
#   Decrease Java thread stack sizes (-Xss)
#   Set larger code cache with -XX:ReservedCodeCacheSize=
# This output file may be truncated or incomplete.
#
#  Out of Memory Error (allocation.cpp:390), pid=6388, tid=0x0000000000006f88
#
# JRE version: Java(TM) SE Runtime Environment (8.0_161-b12) (build 1.8.0_161-b12)
# Java VM: Java HotSpot(TM) 64-Bit Server VM (25.161-b12 mixed mode windows-amd64 compressed oops)
# Failed to write core dump. Minidumps are not enabled by default on client versions of Windows
#

---------------  T H R E A D  ---------------

Current thread (0x00000000199b7800):  JavaThread "C2 CompilerThread1" daemon [_thread_in_native, id=28552, stack(0x000000001b070000,0x000000001b170000)]

Stack: [0x000000001b070000,0x000000001b170000]
[error occurred during error reporting (printing stack bounds), id 0xc0000005]

Native frames: (J=compiled Java code, j=interpreted, Vv=VM code, C=native code)


Current CompileTask:
C2:   3875 3336       4       org.springframework.boot.context.properties.source.PropertyMapper$$Lambda$341/1706292388::test (12 bytes)


---------------  P R O C E S S  ---------------

Java Threads: ( => current thread )
  0x0000000020590800 JavaThread "Abandoned connection cleanup thread" daemon [_thread_blocked, id=2176, stack(0x000000001e3c0000,0x000000001e4c0000)]
  0x00000000199df000 JavaThread "Service Thread" daemon [_thread_blocked, id=6068, stack(0x000000001b370000,0x000000001b470000)]
  0x00000000199bd800 JavaThread "C1 CompilerThread3" daemon [_thread_blocked, id=8676, stack(0x000000001b270000,0x000000001b370000)]
  0x00000000199bb000 JavaThread "C2 CompilerThread2" daemon [_thread_in_native, id=20036, stack(0x000000001b170000,0x000000001b270000)]
=>0x00000000199b7800 JavaThread "C2 CompilerThread1" daemon [_thread_in_native, id=28552, stack(0x000000001b070000,0x000000001b170000)]
  0x00000000199b3000 JavaThread "C2 CompilerThread0" daemon [_thread_in_native, id=6648, stack(0x000000001af70000,0x000000001b070000)]
  0x00000000199b1800 JavaThread "Monitor Ctrl-Break" daemon [_thread_in_native, id=30332, stack(0x000000001ae70000,0x000000001af70000)]
  0x0000000019989000 JavaThread "Attach Listener" daemon [_thread_blocked, id=28400, stack(0x000000001ad70000,0x000000001ae70000)]
  0x0000000019933000 JavaThread "Signal Dispatcher" daemon [_thread_blocked, id=1872, stack(0x000000001ac70000,0x000000001ad70000)]
  0x0000000019913800 JavaThread "Finalizer" daemon [_thread_blocked, id=6492, stack(0x000000001ab70000,0x000000001ac70000)]
  0x000000001824e000 JavaThread "Reference Handler" daemon [_thread_blocked, id=25356, stack(0x000000001aa70000,0x000000001ab70000)]
  0x0000000002f29800 JavaThread "main" [_thread_in_vm, id=23576, stack(0x0000000002e20000,0x0000000002f20000)]

Other Threads:
  0x00000000198f1800 VMThread [stack: 0x000000001a970000,0x000000001aa70000] [id=2808]
  0x0000000019af5800 WatcherThread [stack: 0x000000001b470000,0x000000001b570000] [id=29692]

VM state:not at safepoint (normal execution)

VM Mutex/Monitor currently owned by a thread: None

Heap:
 PSYoungGen      total 138240K, used 97575K [0x00000000d6600000, 0x00000000e5600000, 0x0000000100000000)
  eden space 129536K, 68% used [0x00000000d6600000,0x00000000dbccd4f0,0x00000000de480000)
  from space 8704K, 99% used [0x00000000de480000,0x00000000decfcaf8,0x00000000ded00000)
  to   space 9728K, 0% used [0x00000000e4c80000,0x00000000e4c80000,0x00000000e5600000)
 ParOldGen       total 45056K, used 6179K [0x0000000083200000, 0x0000000085e00000, 0x00000000d6600000)
  object space 45056K, 13% used [0x0000000083200000,0x0000000083808c08,0x0000000085e00000)
 Metaspace       used 32754K, capacity 35046K, committed 35200K, reserved 1079296K
  class space    used 4298K, capacity 4721K, committed 4736K, reserved 1048576K

Card table byte_map: [0x0000000012570000,0x0000000012960000] byte_map_base: 0x0000000012157000

Marking Bits: (ParMarkBitMap*) 0x0000000064c9f860
 Begin Bits: [0x0000000013600000, 0x0000000015538000)
 End Bits:   [0x0000000015538000, 0x0000000017470000)

Polling page: 0x0000000000a50000

CodeCache: size=245760Kb used=12368Kb max_used=12368Kb free=233391Kb
 bounds [0x00000000031b0000, 0x0000000003dd0000, 0x00000000121b0000]
 total_blobs=3786 nmethods=3378 adapters=320
 compilation: enabled

Compilation events (10 events):
Event: 3.862 Thread 0x00000000199bd800 3385       2       java.util.AbstractCollection::toArray (147 bytes)
Event: 3.862 Thread 0x00000000199bd800 nmethod 3385 0x0000000003dc6b10 code [0x0000000003dc6d00, 0x0000000003dc7398]
Event: 3.862 Thread 0x00000000199bd800 3384       3       java.util.TreeMap$KeySet::<init> (10 bytes)
Event: 3.862 Thread 0x00000000199bd800 nmethod 3384 0x0000000003dc7710 code [0x0000000003dc7880, 0x0000000003dc7b10]
Event: 3.862 Thread 0x00000000199bd800 3386       3       java.security.Permission::<init> (10 bytes)
Event: 3.862 Thread 0x00000000199bd800 nmethod 3386 0x0000000003dc7c10 code [0x0000000003dc7d60, 0x0000000003dc7f30]
Event: 3.865 Thread 0x00000000199bd800 3388       1       java.lang.StackTraceElement::getClassName (5 bytes)
Event: 3.865 Thread 0x00000000199bd800 nmethod 3388 0x0000000003dc8350 code [0x0000000003dc84a0, 0x0000000003dc85b0]
Event: 3.869 Thread 0x00000000199bd800 3389       3       java.util.Properties$LineReader::readLine (468 bytes)
Event: 3.870 Thread 0x00000000199bd800 nmethod 3389 0x0000000003dc8610 code [0x0000000003dc88c0, 0x0000000003dca268]

GC Heap History (10 events):
Event: 1.914 GC heap before
{Heap before GC invocations=4 (full 0):
 PSYoungGen      total 37888K, used 37885K [0x00000000d6600000, 0x00000000db000000, 0x0000000100000000)
  eden space 32768K, 100% used [0x00000000d6600000,0x00000000d8600000,0x00000000d8600000)
  from space 5120K, 99% used [0x00000000d8600000,0x00000000d8aff4b8,0x00000000d8b00000)
  to   space 5120K, 0% used [0x00000000dab00000,0x00000000dab00000,0x00000000db000000)
 ParOldGen       total 86016K, used 2141K [0x0000000083200000, 0x0000000088600000, 0x00000000d6600000)
  object space 86016K, 2% used [0x0000000083200000,0x0000000083417430,0x0000000088600000)
 Metaspace       used 19321K, capacity 20940K, committed 21120K, reserved 1067008K
  class space    used 2529K, capacity 2846K, committed 2944K, reserved 1048576K
Event: 1.921 GC heap after
Heap after GC invocations=4 (full 0):
 PSYoungGen      total 70656K, used 5115K [0x00000000d6600000, 0x00000000db000000, 0x0000000100000000)
  eden space 65536K, 0% used [0x00000000d6600000,0x00000000d6600000,0x00000000da600000)
  from space 5120K, 99% used [0x00000000dab00000,0x00000000daffec00,0x00000000db000000)
  to   space 5120K, 0% used [0x00000000da600000,0x00000000da600000,0x00000000dab00000)
 ParOldGen       total 86016K, used 4810K [0x0000000083200000, 0x0000000088600000, 0x00000000d6600000)
  object space 86016K, 5% used [0x0000000083200000,0x00000000836b2830,0x0000000088600000)
 Metaspace       used 19321K, capacity 20940K, committed 21120K, reserved 1067008K
  class space    used 2529K, capacity 2846K, committed 2944K, reserved 1048576K
}
Event: 1.940 GC heap before
{Heap before GC invocations=5 (full 0):
 PSYoungGen      total 70656K, used 10733K [0x00000000d6600000, 0x00000000db000000, 0x0000000100000000)
  eden space 65536K, 8% used [0x00000000d6600000,0x00000000d6b7c8c8,0x00000000da600000)
  from space 5120K, 99% used [0x00000000dab00000,0x00000000daffec00,0x00000000db000000)
  to   space 5120K, 0% used [0x00000000da600000,0x00000000da600000,0x00000000dab00000)
 ParOldGen       total 86016K, used 4810K [0x0000000083200000, 0x0000000088600000, 0x00000000d6600000)
  object space 86016K, 5% used [0x0000000083200000,0x00000000836b2830,0x0000000088600000)
 Metaspace       used 19678K, capacity 21228K, committed 21296K, reserved 1067008K
  class space    used 2570K, capacity 2878K, committed 2944K, reserved 1048576K
Event: 1.949 GC heap after
Heap after GC invocations=5 (full 0):
 PSYoungGen      total 70656K, used 5089K [0x00000000d6600000, 0x00000000df700000, 0x0000000100000000)
  eden space 65536K, 0% used [0x00000000d6600000,0x00000000d6600000,0x00000000da600000)
  from space 5120K, 99% used [0x00000000da600000,0x00000000daaf84c8,0x00000000dab00000)
  to   space 8704K, 0% used [0x00000000dee80000,0x00000000dee80000,0x00000000df700000)
 ParOldGen       total 86016K, used 5201K [0x0000000083200000, 0x0000000088600000, 0x00000000d6600000)
  object space 86016K, 6% used [0x0000000083200000,0x00000000837146a8,0x0000000088600000)
 Metaspace       used 19678K, capacity 21228K, committed 21296K, reserved 1067008K
  class space    used 2570K, capacity 2878K, committed 2944K, reserved 1048576K
}
Event: 1.949 GC heap before
{Heap before GC invocations=6 (full 1):
 PSYoungGen      total 70656K, used 5089K [0x00000000d6600000, 0x00000000df700000, 0x0000000100000000)
  eden space 65536K, 0% used [0x00000000d6600000,0x00000000d6600000,0x00000000da600000)
  from space 5120K, 99% used [0x00000000da600000,0x00000000daaf84c8,0x00000000dab00000)
  to   space 8704K, 0% used [0x00000000dee80000,0x00000000dee80000,0x00000000df700000)
 ParOldGen       total 86016K, used 5201K [0x0000000083200000, 0x0000000088600000, 0x00000000d6600000)
  object space 86016K, 6% used [0x0000000083200000,0x00000000837146a8,0x0000000088600000)
 Metaspace       used 19678K, capacity 21228K, committed 21296K, reserved 1067008K
  class space    used 2570K, capacity 2878K, committed 2944K, reserved 1048576K
Event: 1.971 GC heap after
Heap after GC invocations=6 (full 1):
 PSYoungGen      total 70656K, used 0K [0x00000000d6600000, 0x00000000df700000, 0x0000000100000000)
  eden space 65536K, 0% used [0x00000000d6600000,0x00000000d6600000,0x00000000da600000)
  from space 5120K, 0% used [0x00000000da600000,0x00000000da600000,0x00000000dab00000)
  to   space 8704K, 0% used [0x00000000dee80000,0x00000000dee80000,0x00000000df700000)
 ParOldGen       total 45056K, used 5378K [0x0000000083200000, 0x0000000085e00000, 0x00000000d6600000)
  object space 45056K, 11% used [0x0000000083200000,0x0000000083740930,0x0000000085e00000)
 Metaspace       used 19678K, capacity 21228K, committed 21296K, reserved 1067008K
  class space    used 2570K, capacity 2878K, committed 2944K, reserved 1048576K
}
Event: 2.329 GC heap before
{Heap before GC invocations=7 (full 1):
 PSYoungGen      total 70656K, used 65536K [0x00000000d6600000, 0x00000000df700000, 0x0000000100000000)
  eden space 65536K, 100% used [0x00000000d6600000,0x00000000da600000,0x00000000da600000)
  from space 5120K, 0% used [0x00000000da600000,0x00000000da600000,0x00000000dab00000)
  to   space 8704K, 0% used [0x00000000dee80000,0x00000000dee80000,0x00000000df700000)
 ParOldGen       total 45056K, used 5378K [0x0000000083200000, 0x0000000085e00000, 0x00000000d6600000)
  object space 45056K, 11% used [0x0000000083200000,0x0000000083740930,0x0000000085e00000)
 Metaspace       used 23974K, capacity 25678K, committed 25856K, reserved 1071104K
  class space    used 3139K, capacity 3459K, committed 3584K, reserved 1048576K
Event: 2.337 GC heap after
Heap after GC invocations=7 (full 1):
 PSYoungGen      total 130048K, used 6823K [0x00000000d6600000, 0x00000000df580000, 0x0000000100000000)
  eden space 122880K, 0% used [0x00000000d6600000,0x00000000d6600000,0x00000000dde00000)
  from space 7168K, 95% used [0x00000000dee80000,0x00000000df529c40,0x00000000df580000)
  to   space 8704K, 0% used [0x00000000de480000,0x00000000de480000,0x00000000ded00000)
 ParOldGen       total 45056K, used 5386K [0x0000000083200000, 0x0000000085e00000, 0x00000000d6600000)
  object space 45056K, 11% used [0x0000000083200000,0x0000000083742930,0x0000000085e00000)
 Metaspace       used 23974K, capacity 25678K, committed 25856K, reserved 1071104K
  class space    used 3139K, capacity 3459K, committed 3584K, reserved 1048576K
}
Event: 3.258 GC heap before
{Heap before GC invocations=8 (full 1):
 PSYoungGen      total 130048K, used 129703K [0x00000000d6600000, 0x00000000df580000, 0x0000000100000000)
  eden space 122880K, 100% used [0x00000000d6600000,0x00000000dde00000,0x00000000dde00000)
  from space 7168K, 95% used [0x00000000dee80000,0x00000000df529c40,0x00000000df580000)
  to   space 8704K, 0% used [0x00000000de480000,0x00000000de480000,0x00000000ded00000)
 ParOldGen       total 45056K, used 5386K [0x0000000083200000, 0x0000000085e00000, 0x00000000d6600000)
  object space 45056K, 11% used [0x0000000083200000,0x0000000083742930,0x0000000085e00000)
 Metaspace       used 28075K, capacity 30154K, committed 30208K, reserved 1075200K
  class space    used 3697K, capacity 4083K, committed 4096K, reserved 1048576K
Event: 3.267 GC heap after
Heap after GC invocations=8 (full 1):
 PSYoungGen      total 138240K, used 8690K [0x00000000d6600000, 0x00000000e5600000, 0x0000000100000000)
  eden space 129536K, 0% used [0x00000000d6600000,0x00000000d6600000,0x00000000de480000)
  from space 8704K, 99% used [0x00000000de480000,0x00000000decfcaf8,0x00000000ded00000)
  to   space 9728K, 0% used [0x00000000e4c80000,0x00000000e4c80000,0x00000000e5600000)
 ParOldGen       total 45056K, used 6179K [0x0000000083200000, 0x0000000085e00000, 0x00000000d6600000)
  object space 45056K, 13% used [0x0000000083200000,0x0000000083808c08,0x0000000085e00000)
 Metaspace       used 28075K, capacity 30154K, committed 30208K, reserved 1075200K
  class space    used 3697K, capacity 4083K, committed 4096K, reserved 1048576K
}

Deoptimization events (10 events):
Event: 3.799 Thread 0x0000000020590800 Uncommon trap: reason=unstable_if action=reinterpret pc=0x0000000003449268 method=java.util.zip.ZipCoder.getBytes(Ljava/lang/String;)[B @ 32
Event: 3.799 Thread 0x0000000020590800 Uncommon trap: reason=unstable_if action=reinterpret pc=0x0000000003458ba4 method=java.util.zip.ZipCoder.getBytes(Ljava/lang/String;)[B @ 32
Event: 3.799 Thread 0x0000000020590800 Uncommon trap: reason=unstable_if action=reinterpret pc=0x00000000034398c8 method=java.util.zip.ZipCoder.getBytes(Ljava/lang/String;)[B @ 32
Event: 3.799 Thread 0x0000000020590800 Uncommon trap: reason=unstable_if action=reinterpret pc=0x0000000003866c64 method=java.net.URL.<init>(Ljava/net/URL;Ljava/lang/String;Ljava/net/URLStreamHandler;)V @ 57
Event: 3.799 Thread 0x0000000020590800 Uncommon trap: reason=unstable_if action=reinterpret pc=0x00000000036e6be0 method=java.net.URLStreamHandler.parseURL(Ljava/net/URL;Ljava/lang/String;II)V @ 57
Event: 3.799 Thread 0x0000000020590800 Uncommon trap: reason=unstable_if action=reinterpret pc=0x00000000037f3184 method=java.io.WinNTFileSystem.resolve(Ljava/lang/String;Ljava/lang/String;)Ljava/lang/String; @ 19
Event: 3.861 Thread 0x0000000002f29800 Uncommon trap: reason=null_check action=make_not_entrant pc=0x00000000037e41dc method=java.util.AbstractCollection.toArray([Ljava/lang/Object;)[Ljava/lang/Object; @ 119
Event: 3.869 Thread 0x0000000002f29800 Uncommon trap: reason=unstable_if action=reinterpret pc=0x000000000385de64 method=java.util.Properties$LineReader.readLine()I @ 252
Event: 3.869 Thread 0x0000000002f29800 Uncommon trap: reason=unstable_if action=reinterpret pc=0x0000000003875924 method=java.util.Properties.load0(Ljava/util/Properties$LineReader;)V @ 56
Event: 3.869 Thread 0x0000000002f29800 Uncommon trap: reason=unstable_if action=reinterpret pc=0x00000000037f0fb4 method=java.util.Properties$LineReader.readLine()I @ 252

Classes redefined (0 events):
No events

Internal exceptions (10 events):
Event: 3.752 Thread 0x0000000002f29800 Exception <a 'java/lang/ClassNotFoundException': javax/sql/CommonDataSourceCustomizer> (0x00000000da9c9b18) thrown at [C:\re\workspace\8-2-build-windows-amd64-cygwin\jdk8u161\10277\hotspot\src\share\vm\classfile\systemDictionary.cpp, line 210]
Event: 3.752 Thread 0x0000000002f29800 Exception <a 'java/lang/ClassNotFoundException': java/sql/WrapperCustomizer> (0x00000000da9da4a8) thrown at [C:\re\workspace\8-2-build-windows-amd64-cygwin\jdk8u161\10277\hotspot\src\share\vm\classfile\systemDictionary.cpp, line 210]
Event: 3.753 Thread 0x0000000002f29800 Exception <a 'java/lang/ClassNotFoundException': com/alibaba/druid/proxy/jdbc/DataSourceProxyCustomizer> (0x00000000da9fb2a0) thrown at [C:\re\workspace\8-2-build-windows-amd64-cygwin\jdk8u161\10277\hotspot\src\share\vm\classfile\systemDictionary.cpp, lin
Event: 3.753 Thread 0x0000000002f29800 Exception <a 'java/lang/ClassNotFoundException': java/sql/WrapperCustomizer> (0x00000000daa107c0) thrown at [C:\re\workspace\8-2-build-windows-amd64-cygwin\jdk8u161\10277\hotspot\src\share\vm\classfile\systemDictionary.cpp, line 210]
Event: 3.755 Thread 0x0000000002f29800 Exception <a 'java/lang/ClassNotFoundException': java/lang/ObjectCustomizer> (0x00000000daa38908) thrown at [C:\re\workspace\8-2-build-windows-amd64-cygwin\jdk8u161\10277\hotspot\src\share\vm\classfile\systemDictionary.cpp, line 210]
Event: 3.756 Thread 0x0000000002f29800 Exception <a 'java/lang/ClassNotFoundException': org/springframework/boot/autoconfigure/jdbc/DataSourcePropertiesCustomizer> (0x00000000daa62dd0) thrown at [C:\re\workspace\8-2-build-windows-amd64-cygwin\jdk8u161\10277\hotspot\src\share\vm\classfile\syste
Event: 3.757 Thread 0x0000000002f29800 Exception <a 'java/lang/ClassNotFoundException': org/springframework/beans/factory/BeanClassLoaderAwareCustomizer> (0x00000000daab0a90) thrown at [C:\re\workspace\8-2-build-windows-amd64-cygwin\jdk8u161\10277\hotspot\src\share\vm\classfile\systemDictionar
Event: 3.757 Thread 0x0000000002f29800 Exception <a 'java/lang/ClassNotFoundException': org/springframework/beans/factory/AwareCustomizer> (0x00000000daacf6e0) thrown at [C:\re\workspace\8-2-build-windows-amd64-cygwin\jdk8u161\10277\hotspot\src\share\vm\classfile\systemDictionary.cpp, line 210
Event: 3.758 Thread 0x0000000002f29800 Exception <a 'java/lang/ClassNotFoundException': org/springframework/beans/factory/InitializingBeanCustomizer> (0x00000000daaf1970) thrown at [C:\re\workspace\8-2-build-windows-amd64-cygwin\jdk8u161\10277\hotspot\src\share\vm\classfile\systemDictionary.cp
Event: 3.861 Thread 0x0000000002f29800 Implicit null exception at 0x00000000037e40b9 to 0x00000000037e41d1

Events (10 events):
Event: 3.869 Thread 0x0000000002f29800 DEOPT PACKING pc=0x00000000037f0fb4 sp=0x0000000002f18600
Event: 3.869 Thread 0x0000000002f29800 DEOPT UNPACKING pc=0x00000000031f583b sp=0x0000000002f185d0 mode 2
Event: 3.869 loading class com/alibaba/druid/util/FnvHash
Event: 3.869 loading class com/alibaba/druid/util/FnvHash done
Event: 3.870 loading class com/alibaba/druid/pool/vendor/MySqlExceptionSorter
Event: 3.870 loading class com/alibaba/druid/pool/vendor/MySqlExceptionSorter done
Event: 3.871 loading class com/alibaba/druid/pool/vendor/MySqlValidConnectionChecker
Event: 3.871 loading class com/alibaba/druid/pool/vendor/MySqlValidConnectionChecker done
Event: 3.871 loading class com/alibaba/druid/pool/ValidConnectionCheckerAdapter
Event: 3.871 loading class com/alibaba/druid/pool/ValidConnectionCheckerAdapter done


Dynamic libraries:
0x00007ff750610000 - 0x00007ff750647000 	C:\Program Files\Java\jdk1.8.0_161\bin\java.exe
0x00007ffd007d0000 - 0x00007ffd009c8000 	C:\WINDOWS\SYSTEM32\ntdll.dll
0x00007ffd003d0000 - 0x00007ffd0048f000 	C:\WINDOWS\System32\KERNEL32.DLL
0x00007ffcfe3d0000 - 0x00007ffcfe6c6000 	C:\WINDOWS\System32\KERNELBASE.dll
0x00007ffcfeed0000 - 0x00007ffcfef7f000 	C:\WINDOWS\System32\ADVAPI32.dll
0x00007ffd00490000 - 0x00007ffd0052e000 	C:\WINDOWS\System32\msvcrt.dll
0x00007ffd006f0000 - 0x00007ffd0078c000 	C:\WINDOWS\System32\sechost.dll
0x00007ffcff1f0000 - 0x00007ffcff316000 	C:\WINDOWS\System32\RPCRT4.dll
0x00007ffcff320000 - 0x00007ffcff4bd000 	C:\WINDOWS\System32\USER32.dll
0x00007ffcfe120000 - 0x00007ffcfe142000 	C:\WINDOWS\System32\win32u.dll
0x00007ffcff600000 - 0x00007ffcff62c000 	C:\WINDOWS\System32\GDI32.dll
0x00007ffcfdeb0000 - 0x00007ffcfdfc5000 	C:\WINDOWS\System32\gdi32full.dll
0x00007ffcfe080000 - 0x00007ffcfe11d000 	C:\WINDOWS\System32\msvcp_win.dll
0x00007ffcfe240000 - 0x00007ffcfe340000 	C:\WINDOWS\System32\ucrtbase.dll
0x00007ffce86e0000 - 0x00007ffce897a000 	C:\WINDOWS\WinSxS\amd64_microsoft.windows.common-controls_6595b64144ccf1df_6.0.19041.1110_none_60b5254171f9507e\COMCTL32.dll
0x00007ffcfe8b0000 - 0x00007ffcfe8e0000 	C:\WINDOWS\System32\IMM32.DLL
0x0000000065ba0000 - 0x0000000065bad000 	F:\新建文件夹 (2)lolol\360Safe\safemon\SafeWrapper.dll
0x00007ffce0e10000 - 0x00007ffce0ebc000 	F:\新建文件夹 (2)lolol\360Safe\safemon\libzdtp64.dll
0x00007ffcffb00000 - 0x00007ffd00244000 	C:\WINDOWS\System32\SHELL32.dll
0x00007ffcfed90000 - 0x00007ffcfede5000 	C:\WINDOWS\System32\SHLWAPI.dll
0x00007ffcfda20000 - 0x00007ffcfda2a000 	C:\WINDOWS\SYSTEM32\VERSION.dll
0x0000000065380000 - 0x0000000065452000 	C:\Program Files\Java\jdk1.8.0_161\jre\bin\msvcr100.dll
0x0000000064480000 - 0x0000000064d1f000 	C:\Program Files\Java\jdk1.8.0_161\jre\bin\server\jvm.dll
0x00007ffcfee60000 - 0x00007ffcfee68000 	C:\WINDOWS\System32\PSAPI.DLL
0x00007ffcf30b0000 - 0x00007ffcf30b9000 	C:\WINDOWS\SYSTEM32\WSOCK32.dll
0x00007ffce4960000 - 0x00007ffce4987000 	C:\WINDOWS\SYSTEM32\WINMM.dll
0x00007ffcfedf0000 - 0x00007ffcfee5b000 	C:\WINDOWS\System32\WS2_32.dll
0x00000000656a0000 - 0x00000000656af000 	C:\Program Files\Java\jdk1.8.0_161\jre\bin\verify.dll
0x0000000065350000 - 0x0000000065379000 	C:\Program Files\Java\jdk1.8.0_161\jre\bin\java.dll
0x0000000065320000 - 0x0000000065343000 	C:\Program Files\Java\jdk1.8.0_161\jre\bin\instrument.dll
0x0000000065300000 - 0x0000000065316000 	C:\Program Files\Java\jdk1.8.0_161\jre\bin\zip.dll
0x00007ffcfb0d0000 - 0x00007ffcfb864000 	C:\WINDOWS\SYSTEM32\windows.storage.dll
0x00007ffcfe8e0000 - 0x00007ffcfec34000 	C:\WINDOWS\System32\combase.dll
0x00007ffcfd880000 - 0x00007ffcfd8ae000 	C:\WINDOWS\SYSTEM32\Wldp.dll
0x00007ffcfef90000 - 0x00007ffcff03d000 	C:\WINDOWS\System32\SHCORE.dll
0x00007ffcfdde0000 - 0x00007ffcfde05000 	C:\WINDOWS\SYSTEM32\profapi.dll
0x00007ffceae60000 - 0x00007ffceae7a000 	F:\idea\IntelliJ IDEA 2020.2\bin\breakgen64.dll
0x00000000652e0000 - 0x00000000652fa000 	C:\Program Files\Java\jdk1.8.0_161\jre\bin\net.dll
0x00007ffcfd5e0000 - 0x00007ffcfd64a000 	C:\WINDOWS\system32\mswsock.dll
0x00000000652c0000 - 0x00000000652d1000 	C:\Program Files\Java\jdk1.8.0_161\jre\bin\nio.dll
0x00000000652b0000 - 0x00000000652bd000 	C:\Program Files\Java\jdk1.8.0_161\jre\bin\management.dll
0x00007ffcdcab0000 - 0x00007ffcdcac7000 	C:\WINDOWS\system32\napinsp.dll
0x00007ffcdca90000 - 0x00007ffcdcaab000 	C:\WINDOWS\system32\pnrpnsp.dll
0x00007ffcf4ef0000 - 0x00007ffcf4f05000 	C:\WINDOWS\system32\wshbth.dll
0x00007ffcf5fa0000 - 0x00007ffcf5fbd000 	C:\WINDOWS\system32\NLAapi.dll
0x00007ffcfd280000 - 0x00007ffcfd2bc000 	C:\WINDOWS\SYSTEM32\IPHLPAPI.DLL
0x00007ffcfd2d0000 - 0x00007ffcfd39a000 	C:\WINDOWS\SYSTEM32\DNSAPI.dll
0x00007ffd00530000 - 0x00007ffd00538000 	C:\WINDOWS\System32\NSI.dll
0x00007ffcdca70000 - 0x00007ffcdca82000 	C:\WINDOWS\System32\winrnr.dll
0x00007ffcf4040000 - 0x00007ffcf404a000 	C:\Windows\System32\rasadhlp.dll
0x00007ffcf3470000 - 0x00007ffcf34f2000 	C:\WINDOWS\System32\fwpuclnt.dll
0x00007ffcfe150000 - 0x00007ffcfe177000 	C:\WINDOWS\System32\bcrypt.dll

VM Arguments:
jvm_args: -ea -Didea.test.cyclic.buffer.size=1048576 -javaagent:F:\idea\IntelliJ IDEA 2020.2\lib\idea_rt.jar=50991:F:\idea\IntelliJ IDEA 2020.2\bin -Dfile.encoding=UTF-8 
java_command: com.intellij.rt.junit.JUnitStarter -ideVersion5 -junit5 com.zpy.DemoApplicationTests,contextLoads
java_class_path (initial): F:\idea\IntelliJ IDEA 2020.2\lib\idea_rt.jar;E:\maven\mvn-repository\org\junit\platform\junit-platform-launcher\1.8.2\junit-platform-launcher-1.8.2.jar;F:\idea\IntelliJ IDEA 2020.2\plugins\junit\lib\junit5-rt.jar;F:\idea\IntelliJ IDEA 2020.2\plugins\junit\lib\junit-rt.jar;C:\Program Files\Java\jdk1.8.0_161\jre\lib\charsets.jar;C:\Program Files\Java\jdk1.8.0_161\jre\lib\deploy.jar;C:\Program Files\Java\jdk1.8.0_161\jre\lib\ext\access-bridge-64.jar;C:\Program Files\Java\jdk1.8.0_161\jre\lib\ext\cldrdata.jar;C:\Program Files\Java\jdk1.8.0_161\jre\lib\ext\dnsns.jar;C:\Program Files\Java\jdk1.8.0_161\jre\lib\ext\jaccess.jar;C:\Program Files\Java\jdk1.8.0_161\jre\lib\ext\jfxrt.jar;C:\Program Files\Java\jdk1.8.0_161\jre\lib\ext\localedata.jar;C:\Program Files\Java\jdk1.8.0_161\jre\lib\ext\nashorn.jar;C:\Program Files\Java\jdk1.8.0_161\jre\lib\ext\sunec.jar;C:\Program Files\Java\jdk1.8.0_161\jre\lib\ext\sunjce_provider.jar;C:\Program Files\Java\jdk1.8.0_161\jre\lib\ext\sunmscapi.jar;C:\Program Files\Java\jdk1.8.0_161\jre\lib\ext\sunpkcs11.jar;C:\Program Files\Java\jdk1.8.0_161\jre\lib\ext\zipfs.jar;C:\Program Files\Java\jdk1.8.0_161\jre\lib\javaws.jar;C:\Program Files\Java\jdk1.8.0_161\jre\lib\jce.jar;C:\Program Files\Java\jdk1.8.0_161\jre\lib\jfr.jar;C:\Program Files\Java\jdk1.8.0_161\jre\lib\jfxswt.jar;C:\Program Files\Java\jdk1.8.0_161\jre\lib\jsse.jar;C:\Program Files\Java\jdk1.8.0_161\jre\lib\management-agent.jar;C:\Program Files\Java\jdk1.8.0_161\jre\lib\plugin.jar;C:\Program Files\Java\jdk1.8.0_161\jre\lib\resources.jar;C:\Program Files\Java\jdk1.8.0_161\jre\lib\rt.jar;D:\pr\system-OrderFood\target\test-classes;D:\pr\system-OrderFood\target\classes;E:\maven\mvn-repository\javax\mail\javax.mail-api\1.5.6\javax.mail-api-1.5.6.jar;E:\maven\mvn-repository\com\sun\mail\javax.mail\1.5.3\javax.mail-1.5.3.jar;E:\maven\mvn-repository\javax\activation\activation\1.1\activation-1.1.jar;E:\maven\mvn-repository\com\github\pagehelper\pagehelper-spring-
Launcher Type: SUN_STANDARD

Environment Variables:
JAVA_HOME=C:\Program Files\Java\jdk1.8.0_161
PATH=E:\Linux\VM\bin\;C:\ProgramData\Oracle\Java\javapath;C:\Program Files (x86)\Common Files\Oracle\Java\javapath;C:\windows\system32;C:\windows;C:\windows\System32\Wbem;C:\windows\System32\WindowsPowerShell\v1.0\;C:\windows\System32\OpenSSH\;C:\Program Files (x86)\NVIDIA Corporation\PhysX\Common;C:\Program Files\Microsoft SQL Server\Client SDK\ODBC\170\Tools\Binn\;C:\Program Files (x86)\Microsoft SQL Server\150\Tools\Binn\;C:\Program Files\Microsoft SQL Server\150\Tools\Binn\;C:\Program Files\Microsoft SQL Server\150\DTS\Binn\;C:\Program Files (x86)\Microsoft SQL Server\150\DTS\Binn\;C:\Program Files\Java\jdk1.8.0_161\bin;C:\Program Files\MySQL\MySQL Server 5.5\bin;D:\apache-tomcat-9.0.60\bin;E:\maven\apache-maven-3.6.1\bin;E:\Node.js\node.js\;C:\WINDOWS\system32;C:\WINDOWS;C:\WINDOWS\System32\Wbem;C:\WINDOWS\System32\WindowsPowerShell\v1.0\;C:\WINDOWS\System32\OpenSSH\;C:\Program Files\MongoDB\Server\3.6\bin;C:\Program Files\dotnet\;%USERPROFILE%\AppData\Local\Microsoft\WindowsApps;F:\java.jdk\jdk1.8.0_73\bin;C:\Program Files\Azure Data Studio\bin;%IntelliJ IDEA%;D:\Microsoft VS Code\bin;C:\Users\Administrator\AppData\Roaming\npm;%USERPROFILE%\.dotnet\tools;E:\qq游戏\QQGameTempest\Hall.57986\
USERNAME=Administrator
OS=Windows_NT
PROCESSOR_IDENTIFIER=Intel64 Family 6 Model 165 Stepping 2, GenuineIntel



---------------  S Y S T E M  ---------------

OS: Windows 10.0 , 64 bit Build 19041 (10.0.19041.3155)

CPU:total 12 (initial active 12) (6 cores per cpu, 2 threads per core) family 6 model 165 stepping 2, cmov, cx8, fxsr, mmx, sse, sse2, sse3, ssse3, sse4.1, sse4.2, popcnt, avx, avx2, aes, clmul, erms, 3dnowpref, lzcnt, ht, tsc, tscinvbit, bmi1, bmi2, adx

Memory: 4k page, physical 8177348k(241012k free), swap 23537216k(5704k free)

vm_info: Java HotSpot(TM) 64-Bit Server VM (25.161-b12) for windows-amd64 JRE (1.8.0_161-b12), built on Dec 19 2017 17:52:25 by "java_re" with MS VC++ 10.0 (VS2010)

time: Sun Oct 22 20:23:17 2023
elapsed time: 3 seconds (0d 0h 0m 3s)

